E, [2016-10-24T13:14:51.082612 #13908] ERROR -- Kitchen: ------Exception-------
E, [2016-10-24T13:14:51.082668 #13908] ERROR -- Kitchen: Class: Kitchen::UserError
E, [2016-10-24T13:14:51.082688 #13908] ERROR -- Kitchen: Message: Kitchen YAML file /home/vaibhav/reviewer/environments/.kitchen.yml does not exist.
E, [2016-10-24T13:14:51.082705 #13908] ERROR -- Kitchen: ----------------------
E, [2016-10-24T13:14:51.082717 #13908] ERROR -- Kitchen: ------Backtrace-------
E, [2016-10-24T13:14:51.082729 #13908] ERROR -- Kitchen: /opt/chefdk/embedded/lib/ruby/gems/2.3.0/gems/test-kitchen-1.13.2/lib/kitchen/loader/yaml.rb:74:in `read'
E, [2016-10-24T13:14:51.082741 #13908] ERROR -- Kitchen: /opt/chefdk/embedded/lib/ruby/gems/2.3.0/gems/test-kitchen-1.13.2/lib/kitchen/config.rb:154:in `data'
E, [2016-10-24T13:14:51.082752 #13908] ERROR -- Kitchen: /opt/chefdk/embedded/lib/ruby/gems/2.3.0/gems/test-kitchen-1.13.2/lib/kitchen/config.rb:133:in `suites'
E, [2016-10-24T13:14:51.082764 #13908] ERROR -- Kitchen: /opt/chefdk/embedded/lib/ruby/gems/2.3.0/gems/test-kitchen-1.13.2/lib/kitchen/config.rb:184:in `filter_instances'
E, [2016-10-24T13:14:51.082776 #13908] ERROR -- Kitchen: /opt/chefdk/embedded/lib/ruby/gems/2.3.0/gems/test-kitchen-1.13.2/lib/kitchen/config.rb:143:in `build_instances'
E, [2016-10-24T13:14:51.082790 #13908] ERROR -- Kitchen: /opt/chefdk/embedded/lib/ruby/gems/2.3.0/gems/test-kitchen-1.13.2/lib/kitchen/config.rb:119:in `instances'
E, [2016-10-24T13:14:51.082802 #13908] ERROR -- Kitchen: /opt/chefdk/embedded/lib/ruby/gems/2.3.0/gems/test-kitchen-1.13.2/lib/kitchen/command.rb:115:in `filtered_instances'
E, [2016-10-24T13:14:51.082813 #13908] ERROR -- Kitchen: /opt/chefdk/embedded/lib/ruby/gems/2.3.0/gems/test-kitchen-1.13.2/lib/kitchen/command.rb:145:in `parse_subcommand'
E, [2016-10-24T13:14:51.082823 #13908] ERROR -- Kitchen: /opt/chefdk/embedded/lib/ruby/gems/2.3.0/gems/test-kitchen-1.13.2/lib/kitchen/command/login.rb:32:in `call'
E, [2016-10-24T13:14:51.082834 #13908] ERROR -- Kitchen: /opt/chefdk/embedded/lib/ruby/gems/2.3.0/gems/test-kitchen-1.13.2/lib/kitchen/cli.rb:56:in `perform'
E, [2016-10-24T13:14:51.082845 #13908] ERROR -- Kitchen: /opt/chefdk/embedded/lib/ruby/gems/2.3.0/gems/test-kitchen-1.13.2/lib/kitchen/cli.rb:240:in `login'
E, [2016-10-24T13:14:51.082856 #13908] ERROR -- Kitchen: /opt/chefdk/embedded/lib/ruby/gems/2.3.0/gems/thor-0.19.1/lib/thor/command.rb:27:in `run'
E, [2016-10-24T13:14:51.082866 #13908] ERROR -- Kitchen: /opt/chefdk/embedded/lib/ruby/gems/2.3.0/gems/thor-0.19.1/lib/thor/invocation.rb:126:in `invoke_command'
E, [2016-10-24T13:14:51.082877 #13908] ERROR -- Kitchen: /opt/chefdk/embedded/lib/ruby/gems/2.3.0/gems/test-kitchen-1.13.2/lib/kitchen/cli.rb:334:in `invoke_task'
E, [2016-10-24T13:14:51.082894 #13908] ERROR -- Kitchen: /opt/chefdk/embedded/lib/ruby/gems/2.3.0/gems/thor-0.19.1/lib/thor.rb:359:in `dispatch'
E, [2016-10-24T13:14:51.082905 #13908] ERROR -- Kitchen: /opt/chefdk/embedded/lib/ruby/gems/2.3.0/gems/thor-0.19.1/lib/thor/base.rb:440:in `start'
E, [2016-10-24T13:14:51.082939 #13908] ERROR -- Kitchen: /opt/chefdk/embedded/lib/ruby/gems/2.3.0/gems/test-kitchen-1.13.2/bin/kitchen:13:in `block in <top (required)>'
E, [2016-10-24T13:14:51.082950 #13908] ERROR -- Kitchen: /opt/chefdk/embedded/lib/ruby/gems/2.3.0/gems/test-kitchen-1.13.2/lib/kitchen/errors.rb:174:in `with_friendly_errors'
E, [2016-10-24T13:14:51.082971 #13908] ERROR -- Kitchen: /opt/chefdk/embedded/lib/ruby/gems/2.3.0/gems/test-kitchen-1.13.2/bin/kitchen:13:in `<top (required)>'
E, [2016-10-24T13:14:51.082982 #13908] ERROR -- Kitchen: /usr/bin/kitchen:21:in `load'
E, [2016-10-24T13:14:51.082992 #13908] ERROR -- Kitchen: /usr/bin/kitchen:21:in `<main>'
E, [2016-10-24T13:14:51.083002 #13908] ERROR -- Kitchen: ----End Backtrace-----
